<?xml version="1.0" encoding="UTF-8"?>
<testng-results skipped="0" failed="0" ignored="0" total="1" passed="1">
  <reporter-output>
  </reporter-output>
  <suite name="Default suite" duration-ms="11286" started-at="2020-01-18T12:13:01 CET" finished-at="2020-01-18T12:13:12 CET">
    <groups>
    </groups>
    <test name="Default test" duration-ms="11286" started-at="2020-01-18T12:13:01 CET" finished-at="2020-01-18T12:13:12 CET">
      <class name="LoginTest">
        <test-method status="PASS" signature="setUp()[pri:0, instance:LoginTest@1efed156]" name="setUp" duration-ms="11262" started-at="2020-01-18T12:13:01 CET" finished-at="2020-01-18T12:13:12 CET">
          <reporter-output>
          </reporter-output>
        </test-method> <!-- setUp -->
      </class> <!-- LoginTest -->
    </test> <!-- Default test -->
  </suite> <!-- Default suite -->
</testng-results>
